<?xml version="1.0" encoding="UTF-8"?>
<testsuite name="com.tbot.ruler.broker.SynchronousMessagePublisherTest" tests="2" skipped="0" failures="0" errors="0" timestamp="2023-11-02T22:05:11" hostname="ip-192-168-100-31.us-west-2.compute.internal" time="0.025">
  <properties/>
  <testcase name="timesOutWhenSynchronousSend()" classname="com.tbot.ruler.broker.SynchronousMessagePublisherTest" time="0.023"/>
  <testcase name="successfullySendsMessageAndReceivesReport()" classname="com.tbot.ruler.broker.SynchronousMessagePublisherTest" time="0.001"/>
  <system-out><![CDATA[]]></system-out>
  <system-err><![CDATA[]]></system-err>
</testsuite>
