<?xml version="1.0" encoding="UTF-8"?>
<testsuite name="com.tbot.ruler.broker.model.MessagePublicationReportTest" tests="5" skipped="0" failures="0" errors="0" timestamp="2023-11-04T22:07:23" hostname="Robert-Poskrobek-CY2F4TQX5G.local" time="0.003">
  <properties/>
  <testcase name="testDeliverySuccessful()" classname="com.tbot.ruler.broker.model.MessagePublicationReportTest" time="0.001"/>
  <testcase name="testSenderSuspended()" classname="com.tbot.ruler.broker.model.MessagePublicationReportTest" time="0.0"/>
  <testcase name="testNoReceiversFound()" classname="com.tbot.ruler.broker.model.MessagePublicationReportTest" time="0.0"/>
  <testcase name="testDeliveryPartiallyFailed()" classname="com.tbot.ruler.broker.model.MessagePublicationReportTest" time="0.0"/>
  <testcase name="testDeliveryFailed()" classname="com.tbot.ruler.broker.model.MessagePublicationReportTest" time="0.0"/>
  <system-out><![CDATA[]]></system-out>
  <system-err><![CDATA[]]></system-err>
</testsuite>
