<?xml version="1.0" encoding="UTF-8"?>
<testsuite name="com.tbot.ruler.controller.ActuatorsStateControllerTest" tests="4" skipped="0" failures="0" errors="0" timestamp="2023-11-02T22:05:11" hostname="ip-192-168-100-31.us-west-2.compute.internal" time="0.129">
  <properties/>
  <testcase name="sendsOnOffMessage()" classname="com.tbot.ruler.controller.ActuatorsStateControllerTest" time="0.123"/>
  <testcase name="sendsRgbwMessage()" classname="com.tbot.ruler.controller.ActuatorsStateControllerTest" time="0.003"/>
  <testcase name="sendsObjectMessage()" classname="com.tbot.ruler.controller.ActuatorsStateControllerTest" time="0.001"/>
  <testcase name="failsOnUnknownPayloadType()" classname="com.tbot.ruler.controller.ActuatorsStateControllerTest" time="0.001"/>
  <system-out><![CDATA[]]></system-out>
  <system-err><![CDATA[]]></system-err>
</testsuite>
