<?xml version="1.0" encoding="UTF-8"?>
<testsuite name="com.tbot.ruler.plugins.ghost.singleinterval.SingleIntervalEmissionTaskTest" tests="7" skipped="0" failures="0" errors="0" timestamp="2023-11-04T22:07:24" hostname="Robert-Poskrobek-CY2F4TQX5G.local" time="0.044">
  <properties/>
  <testcase name="emitsTrueInInterval()" classname="com.tbot.ruler.plugins.ghost.singleinterval.SingleIntervalEmissionTaskTest" time="0.029"/>
  <testcase name="initialIntervalWithVariation()" classname="com.tbot.ruler.plugins.ghost.singleinterval.SingleIntervalEmissionTaskTest" time="0.002"/>
  <testcase name="initialIntervalWithoutSpanIsCorrect()" classname="com.tbot.ruler.plugins.ghost.singleinterval.SingleIntervalEmissionTaskTest" time="0.002"/>
  <testcase name="emitsFalseBeforeInterval()" classname="com.tbot.ruler.plugins.ghost.singleinterval.SingleIntervalEmissionTaskTest" time="0.004"/>
  <testcase name="initialIntervalWithSpanIsCorrect()" classname="com.tbot.ruler.plugins.ghost.singleinterval.SingleIntervalEmissionTaskTest" time="0.001"/>
  <testcase name="emitsFalseAfterIntervalAndChangesInterval()" classname="com.tbot.ruler.plugins.ghost.singleinterval.SingleIntervalEmissionTaskTest" time="0.002"/>
  <testcase name="doesNotEmitWhenDeactivated()" classname="com.tbot.ruler.plugins.ghost.singleinterval.SingleIntervalEmissionTaskTest" time="0.002"/>
  <system-out><![CDATA[2023-11-04 23:07:24,151  INFO ingleinterval.SingleIntervalEmissionTask:  74 - Ghost Single Interval Dummy One changed to 2023-09-07T13:00 - 2023-09-07T20:00
2023-11-04 23:07:24,155  INFO ingleinterval.SingleIntervalEmissionTask:  74 - Ghost Single Interval Dummy One changed to 2023-09-07T09:56 - 2023-09-07T15:25
2023-11-04 23:07:24,158  INFO ingleinterval.SingleIntervalEmissionTask:  74 - Ghost Single Interval Dummy One changed to 2023-09-07T10:00 - 2023-09-07T15:00
2023-11-04 23:07:24,159  INFO ingleinterval.SingleIntervalEmissionTask:  74 - Ghost Single Interval Dummy One changed to 2023-09-07T15:00 - 2023-09-07T20:00
2023-11-04 23:07:24,164  INFO ingleinterval.SingleIntervalEmissionTask:  74 - Ghost Single Interval Dummy One changed to 2023-09-07T20:00 - 2023-09-08T04:00
2023-11-04 23:07:24,166  INFO ingleinterval.SingleIntervalEmissionTask:  74 - Ghost Single Interval Dummy One changed to 2023-09-07T10:00 - 2023-09-07T12:00
2023-11-04 23:07:24,166  INFO ingleinterval.SingleIntervalEmissionTask:  74 - Ghost Single Interval Dummy One changed to 2023-09-08T10:00 - 2023-09-08T12:00
2023-11-04 23:07:24,168  INFO ingleinterval.SingleIntervalEmissionTask:  74 - Ghost Single Interval Dummy One changed to 2023-09-07T10:00 - 2023-09-07T12:00
]]></system-out>
  <system-err><![CDATA[]]></system-err>
</testsuite>
