<?xml version="1.0" encoding="UTF-8"?>
<testsuite name="com.tbot.ruler.controller.ActuatorsStateControllerTest" tests="4" skipped="0" failures="0" errors="0" timestamp="2023-11-04T22:07:23" hostname="Robert-Poskrobek-CY2F4TQX5G.local" time="0.134">
  <properties/>
  <testcase name="sendsOnOffMessage()" classname="com.tbot.ruler.controller.ActuatorsStateControllerTest" time="0.128"/>
  <testcase name="sendsRgbwMessage()" classname="com.tbot.ruler.controller.ActuatorsStateControllerTest" time="0.003"/>
  <testcase name="sendsObjectMessage()" classname="com.tbot.ruler.controller.ActuatorsStateControllerTest" time="0.001"/>
  <testcase name="failsOnUnknownPayloadType()" classname="com.tbot.ruler.controller.ActuatorsStateControllerTest" time="0.001"/>
  <system-out><![CDATA[]]></system-out>
  <system-err><![CDATA[]]></system-err>
</testsuite>
