<?xml version="1.0" encoding="UTF-8"?>
<testsuite name="com.tbot.ruler.broker.MessagePublicationReportBrokerTest" tests="1" skipped="0" failures="0" errors="0" timestamp="2023-11-04T22:07:23" hostname="Robert-Poskrobek-CY2F4TQX5G.local" time="0.654">
  <properties/>
  <testcase name="successfullyDeliversEnqueuedReport()" classname="com.tbot.ruler.broker.MessagePublicationReportBrokerTest" time="0.654"/>
  <system-out><![CDATA[23:07:23,781 |-INFO in ch.qos.logback.classic.LoggerContext[default] - This is logback-classic version 1.4.11
23:07:23,783 |-INFO in ch.qos.logback.classic.util.ContextInitializer@2dd8239 - Here is a list of configurators discovered as a service, by rank: 
23:07:23,783 |-INFO in ch.qos.logback.classic.util.ContextInitializer@2dd8239 -   org.springframework.boot.logging.logback.RootLogLevelConfigurator
23:07:23,783 |-INFO in ch.qos.logback.classic.util.ContextInitializer@2dd8239 - They will be invoked in order until ExecutionStatus.DO_NOT_INVOKE_NEXT_IF_ANY is returned.
23:07:23,783 |-INFO in ch.qos.logback.classic.util.ContextInitializer@2dd8239 - Constructed configurator of type class org.springframework.boot.logging.logback.RootLogLevelConfigurator
23:07:23,788 |-INFO in ch.qos.logback.classic.util.ContextInitializer@2dd8239 - org.springframework.boot.logging.logback.RootLogLevelConfigurator.configure() call lasted 0 milliseconds. ExecutionStatus=INVOKE_NEXT_IF_ANY
23:07:23,788 |-INFO in ch.qos.logback.classic.util.ContextInitializer@2dd8239 - Trying to configure with ch.qos.logback.classic.joran.SerializedModelConfigurator
23:07:23,788 |-INFO in ch.qos.logback.classic.util.ContextInitializer@2dd8239 - Constructed configurator of type class ch.qos.logback.classic.joran.SerializedModelConfigurator
23:07:23,797 |-INFO in ch.qos.logback.classic.LoggerContext[default] - Could NOT find resource [logback-test.scmo]
23:07:23,797 |-INFO in ch.qos.logback.classic.LoggerContext[default] - Could NOT find resource [logback.scmo]
23:07:23,797 |-INFO in ch.qos.logback.classic.util.ContextInitializer@2dd8239 - ch.qos.logback.classic.joran.SerializedModelConfigurator.configure() call lasted 9 milliseconds. ExecutionStatus=INVOKE_NEXT_IF_ANY
23:07:23,797 |-INFO in ch.qos.logback.classic.util.ContextInitializer@2dd8239 - Trying to configure with ch.qos.logback.classic.util.DefaultJoranConfigurator
23:07:23,797 |-INFO in ch.qos.logback.classic.util.ContextInitializer@2dd8239 - Constructed configurator of type class ch.qos.logback.classic.util.DefaultJoranConfigurator
23:07:23,797 |-INFO in ch.qos.logback.classic.LoggerContext[default] - Could NOT find resource [logback-test.xml]
23:07:23,799 |-INFO in ch.qos.logback.classic.LoggerContext[default] - Found resource [logback.xml] at [file:/Users/rposcro/workspace/projects/tbot-ruler/tbot-ruler-service/build/resources/main/logback.xml]
23:07:23,843 |-WARN in ch.qos.logback.core.model.processor.ImplicitModelHandler - Ignoring unknown property [jmxConfigurator] in [ch.qos.logback.classic.LoggerContext]
23:07:23,845 |-INFO in ch.qos.logback.core.model.processor.AppenderModelHandler - Processing appender named [console]
23:07:23,845 |-INFO in ch.qos.logback.core.model.processor.AppenderModelHandler - About to instantiate appender of type [ch.qos.logback.core.ConsoleAppender]
23:07:23,847 |-INFO in ch.qos.logback.core.model.processor.ImplicitModelHandler - Assuming default type [ch.qos.logback.classic.encoder.PatternLayoutEncoder] for [encoder] property
23:07:23,855 |-INFO in ch.qos.logback.core.model.processor.AppenderModelHandler - Processing appender named [file]
23:07:23,855 |-INFO in ch.qos.logback.core.model.processor.AppenderModelHandler - About to instantiate appender of type [ch.qos.logback.core.rolling.RollingFileAppender]
23:07:23,859 |-INFO in c.q.l.core.rolling.TimeBasedRollingPolicy@74606989 - setting totalSizeCap to 100 MB
23:07:23,860 |-INFO in c.q.l.core.rolling.TimeBasedRollingPolicy@74606989 - No compression will be used
23:07:23,860 |-INFO in c.q.l.core.rolling.TimeBasedRollingPolicy@74606989 - Will use the pattern ./logs/tbot-ruler-%d{yyyy-MM-dd}.log for the active file
23:07:23,862 |-INFO in c.q.l.core.rolling.DefaultTimeBasedFileNamingAndTriggeringPolicy - The date pattern is 'yyyy-MM-dd' from file name pattern './logs/tbot-ruler-%d{yyyy-MM-dd}.log'.
23:07:23,862 |-INFO in c.q.l.core.rolling.DefaultTimeBasedFileNamingAndTriggeringPolicy - Roll-over at midnight.
23:07:23,863 |-INFO in c.q.l.core.rolling.DefaultTimeBasedFileNamingAndTriggeringPolicy - Setting initial period to 2023-11-04T21:58:02.860Z
23:07:23,863 |-INFO in ch.qos.logback.core.model.processor.ImplicitModelHandler - Assuming default type [ch.qos.logback.classic.encoder.PatternLayoutEncoder] for [encoder] property
23:07:23,865 |-INFO in ch.qos.logback.core.rolling.RollingFileAppender[file] - Active log file name: ./logs/tbot-ruler.log
23:07:23,865 |-INFO in ch.qos.logback.core.rolling.RollingFileAppender[file] - File property is set to [./logs/tbot-ruler.log]
23:07:23,865 |-INFO in ch.qos.logback.core.model.processor.AppenderModelHandler - Processing appender named [jwavezFile]
23:07:23,865 |-INFO in ch.qos.logback.core.model.processor.AppenderModelHandler - About to instantiate appender of type [ch.qos.logback.core.rolling.RollingFileAppender]
23:07:23,866 |-INFO in c.q.l.core.rolling.TimeBasedRollingPolicy@2071364564 - setting totalSizeCap to 100 MB
23:07:23,866 |-INFO in c.q.l.core.rolling.TimeBasedRollingPolicy@2071364564 - No compression will be used
23:07:23,866 |-INFO in c.q.l.core.rolling.TimeBasedRollingPolicy@2071364564 - Will use the pattern ./logs/jwavez-%d{yyyy-MM-dd}.log for the active file
23:07:23,866 |-INFO in c.q.l.core.rolling.DefaultTimeBasedFileNamingAndTriggeringPolicy - The date pattern is 'yyyy-MM-dd' from file name pattern './logs/jwavez-%d{yyyy-MM-dd}.log'.
23:07:23,866 |-INFO in c.q.l.core.rolling.DefaultTimeBasedFileNamingAndTriggeringPolicy - Roll-over at midnight.
23:07:23,866 |-INFO in c.q.l.core.rolling.DefaultTimeBasedFileNamingAndTriggeringPolicy - Setting initial period to 2023-11-02T20:30:39.402Z
23:07:23,866 |-INFO in ch.qos.logback.core.model.processor.ImplicitModelHandler - Assuming default type [ch.qos.logback.classic.encoder.PatternLayoutEncoder] for [encoder] property
23:07:23,866 |-INFO in ch.qos.logback.core.rolling.RollingFileAppender[jwavezFile] - Active log file name: ./logs/jwavez.log
23:07:23,867 |-INFO in ch.qos.logback.core.rolling.RollingFileAppender[jwavezFile] - File property is set to [./logs/jwavez.log]
23:07:23,867 |-INFO in ch.qos.logback.core.model.processor.AppenderModelHandler - Processing appender named [errorFile]
23:07:23,867 |-INFO in ch.qos.logback.core.model.processor.AppenderModelHandler - About to instantiate appender of type [ch.qos.logback.core.rolling.RollingFileAppender]
23:07:23,867 |-INFO in c.q.l.core.rolling.TimeBasedRollingPolicy@1081159401 - setting totalSizeCap to 100 MB
23:07:23,868 |-INFO in c.q.l.core.rolling.TimeBasedRollingPolicy@1081159401 - No compression will be used
23:07:23,868 |-INFO in c.q.l.core.rolling.TimeBasedRollingPolicy@1081159401 - Will use the pattern ./logs/tbot-ruler-errors-%d{yyyy-MM-dd}.log for the active file
23:07:23,868 |-INFO in c.q.l.core.rolling.DefaultTimeBasedFileNamingAndTriggeringPolicy - The date pattern is 'yyyy-MM-dd' from file name pattern './logs/tbot-ruler-errors-%d{yyyy-MM-dd}.log'.
23:07:23,868 |-INFO in c.q.l.core.rolling.DefaultTimeBasedFileNamingAndTriggeringPolicy - Roll-over at midnight.
23:07:23,868 |-INFO in c.q.l.core.rolling.DefaultTimeBasedFileNamingAndTriggeringPolicy - Setting initial period to 2023-11-04T21:58:02.645Z
23:07:23,868 |-INFO in ch.qos.logback.core.model.processor.ImplicitModelHandler - Assuming default type [ch.qos.logback.classic.encoder.PatternLayoutEncoder] for [encoder] property
23:07:23,868 |-INFO in ch.qos.logback.core.rolling.RollingFileAppender[errorFile] - Active log file name: ./logs/tbot-ruler-errors.log
23:07:23,868 |-INFO in ch.qos.logback.core.rolling.RollingFileAppender[errorFile] - File property is set to [./logs/tbot-ruler-errors.log]
23:07:23,869 |-INFO in ch.qos.logback.classic.model.processor.RootLoggerModelHandler - Setting level of ROOT logger to INFO
23:07:23,869 |-INFO in ch.qos.logback.core.model.processor.AppenderRefModelHandler - Attaching appender named [console] to Logger[ROOT]
23:07:23,869 |-INFO in ch.qos.logback.core.model.processor.AppenderRefModelHandler - Attaching appender named [file] to Logger[ROOT]
23:07:23,869 |-INFO in ch.qos.logback.core.model.processor.AppenderRefModelHandler - Attaching appender named [errorFile] to Logger[ROOT]
23:07:23,869 |-INFO in ch.qos.logback.classic.model.processor.LoggerModelHandler - Setting level of logger [com.tbot.ruler] to INFO
23:07:23,870 |-INFO in ch.qos.logback.classic.model.processor.LoggerModelHandler - Setting additivity of logger [com.tbot.ruler] to false
23:07:23,870 |-INFO in ch.qos.logback.core.model.processor.AppenderRefModelHandler - Attaching appender named [console] to Logger[com.tbot.ruler]
23:07:23,870 |-INFO in ch.qos.logback.core.model.processor.AppenderRefModelHandler - Attaching appender named [file] to Logger[com.tbot.ruler]
23:07:23,870 |-INFO in ch.qos.logback.core.model.processor.AppenderRefModelHandler - Attaching appender named [errorFile] to Logger[com.tbot.ruler]
23:07:23,870 |-INFO in ch.qos.logback.classic.model.processor.LoggerModelHandler - Setting level of logger [com.rposcro.jwavez] to DEBUG
23:07:23,870 |-INFO in ch.qos.logback.classic.model.processor.LoggerModelHandler - Setting additivity of logger [com.rposcro.jwavez] to false
23:07:23,870 |-INFO in ch.qos.logback.core.model.processor.AppenderRefModelHandler - Attaching appender named [console] to Logger[com.rposcro.jwavez]
23:07:23,870 |-INFO in ch.qos.logback.core.model.processor.AppenderRefModelHandler - Attaching appender named [jwavezFile] to Logger[com.rposcro.jwavez]
23:07:23,870 |-INFO in ch.qos.logback.core.model.processor.DefaultProcessor@2e53b094 - End of configuration.
23:07:23,871 |-INFO in ch.qos.logback.classic.joran.JoranConfigurator@39fa8ad2 - Registering current configuration as safe fallback point
23:07:23,871 |-INFO in ch.qos.logback.classic.util.ContextInitializer@2dd8239 - ch.qos.logback.classic.util.DefaultJoranConfigurator.configure() call lasted 74 milliseconds. ExecutionStatus=DO_NOT_INVOKE_NEXT_IF_ANY

2023-11-04 23:07:23,876  INFO .tbot.ruler.broker.MessageQueueComponent:  22 - Message queue length set to 2
2023-11-04 23:07:23,905 ERROR er.broker.MessagePublicationReportBroker:  39 - Message delivery report broker interrupted by unexpected internal error
java.lang.InterruptedException: null
	at java.base/java.util.concurrent.locks.AbstractQueuedSynchronizer$ConditionObject.await(AbstractQueuedSynchronizer.java:1638)
	at java.base/java.util.concurrent.LinkedBlockingQueue.take(LinkedBlockingQueue.java:435)
	at com.tbot.ruler.broker.MessageQueueComponent.nextReport(MessageQueueComponent.java:47)
	at com.tbot.ruler.broker.MessagePublicationReportBroker.run(MessagePublicationReportBroker.java:36)
	at java.base/java.util.concurrent.ThreadPoolExecutor.runWorker(ThreadPoolExecutor.java:1136)
	at java.base/java.util.concurrent.ThreadPoolExecutor$Worker.run(ThreadPoolExecutor.java:635)
	at java.base/java.lang.Thread.run(Thread.java:833)
]]></system-out>
  <system-err><![CDATA[]]></system-err>
</testsuite>
